<?xml version="1.0" encoding="UTF-8"?>
<!-- Generated by org.testng.reporters.JUnitXMLReporter -->
<testsuite hostname="DESKTOP-FDLFU72" ignored="0" name="Test" tests="3" failures="3" timestamp="02 May 2017 06:19:25 GMT" time="0.424" errors="0">
  <testcase name="testGetAccountSetting" time="0.011" classname="com.wbl.rest.TestTwitterGetApi">
    <failure type="java.lang.NullPointerException">
      <![CDATA[java.lang.NullPointerException
	at com.wbl.rest.TestTwitterGetApi.testGetAccountSetting(TestTwitterGetApi.java:21)
... Removed 25 stack frames]]>
    </failure>
  </testcase> <!-- testGetAccountSetting -->
  <testcase name="testPostAccountSetting" time="0.006" classname="com.wbl.rest.TestTwitterPostApi">
    <failure type="java.lang.NullPointerException">
      <![CDATA[java.lang.NullPointerException
	at com.wbl.rest.TestTwitterPostApi.testPostAccountSetting(TestTwitterPostApi.java:46)
... Removed 25 stack frames]]>
    </failure>
  </testcase> <!-- testPostAccountSetting -->
  <testcase name="testPostAccountSetting" time="0.002" classname="com.wbl.rest.TestTwitterPostApi">
    <failure type="java.lang.NullPointerException">
      <![CDATA[java.lang.NullPointerException
	at com.wbl.rest.TestTwitterPostApi.testPostAccountSetting(TestTwitterPostApi.java:46)
... Removed 25 stack frames]]>
    </failure>
  </testcase> <!-- testPostAccountSetting -->
</testsuite> <!-- Test -->
