<?xml version="1.0" encoding="UTF-8"?>
<testng-results skipped="0" failed="0" total="4" passed="4">
  <reporter-output>
  </reporter-output>
  <suite name="Suite" duration-ms="1809" started-at="2016-09-22T18:42:40Z" finished-at="2016-09-22T18:42:42Z">
    <groups>
    </groups>
    <test name="Test" duration-ms="1809" started-at="2016-09-22T18:42:40Z" finished-at="2016-09-22T18:42:42Z">
      <class name="com.test.HomePageTest">
        <test-method status="PASS" signature="setUp()[pri:0, instance:com.test.HomePageTest@548e7350]" name="setUp" is-config="true" duration-ms="12256" started-at="2016-09-22T11:42:28Z" finished-at="2016-09-22T11:42:40Z">
          <reporter-output>
          </reporter-output>
        </test-method> <!-- setUp -->
        <test-method status="PASS" signature="beforeClass()[pri:0, instance:com.test.HomePageTest@548e7350]" name="beforeClass" is-config="true" duration-ms="2" started-at="2016-09-22T11:42:40Z" finished-at="2016-09-22T11:42:40Z">
          <reporter-output>
          </reporter-output>
        </test-method> <!-- beforeClass -->
        <test-method status="PASS" signature="testCountSliders()[pri:0, instance:com.test.HomePageTest@548e7350]" name="testCountSliders" duration-ms="372" started-at="2016-09-22T11:42:40Z" finished-at="2016-09-22T11:42:40Z">
          <reporter-output>
          </reporter-output>
        </test-method> <!-- testCountSliders -->
        <test-method status="PASS" signature="testFbPageLink()[pri:0, instance:com.test.HomePageTest@548e7350]" name="testFbPageLink" duration-ms="1220" started-at="2016-09-22T11:42:40Z" finished-at="2016-09-22T11:42:41Z">
          <reporter-output>
          </reporter-output>
        </test-method> <!-- testFbPageLink -->
        <test-method status="PASS" signature="testIsSliderPresent()[pri:0, instance:com.test.HomePageTest@548e7350]" name="testIsSliderPresent" duration-ms="36" started-at="2016-09-22T11:42:41Z" finished-at="2016-09-22T11:42:41Z">
          <reporter-output>
          </reporter-output>
        </test-method> <!-- testIsSliderPresent -->
        <test-method status="PASS" signature="testSocialLinks()[pri:0, instance:com.test.HomePageTest@548e7350]" name="testSocialLinks" duration-ms="161" started-at="2016-09-22T11:42:41Z" finished-at="2016-09-22T11:42:42Z">
          <reporter-output>
          </reporter-output>
        </test-method> <!-- testSocialLinks -->
        <test-method status="PASS" signature="close()[pri:0, instance:com.test.HomePageTest@548e7350]" name="close" is-config="true" duration-ms="62" started-at="2016-09-22T11:42:42Z" finished-at="2016-09-22T11:42:42Z">
          <reporter-output>
          </reporter-output>
        </test-method> <!-- close -->
      </class> <!-- com.test.HomePageTest -->
    </test> <!-- Test -->
  </suite> <!-- Suite -->
</testng-results>
